level=debug module=Homie-Service time:=2021-06-02T01:56:51.139628Z caller=configs.go:128 event="called buildLogger()"
level=debug module=Homie-Service time:=2021-06-02T01:56:51.139719Z caller=configs.go:51 event="calling buildConfigForCLI()"
level=debug module=Homie-Service time:=2021-06-02T01:56:51.140017Z caller=configs.go:134 event="calling buildAppConfig()"
level=debug module=Homie-Service time:=2021-06-02T01:56:51.14014Z caller=main.go:118 pkg=main event="service started"
level=debug module=Homie-Service time:=2021-06-02T01:56:51.140155Z caller=main.go:77 pkg=main event="runLive() called"
level=debug module=Homie-Service time:=2021-06-02T01:56:51.140164Z caller=service.go:173 pkg=mqttProvider event="Calling Initialize()" broker=openhab.skoona.net
level=debug module=Homie-Service time:=2021-06-02T01:56:51.145573Z caller=service.go:58 pkg=mqttProvider status="MQTT Connected"
level=debug module=Homie-Service time:=2021-06-02T01:56:51.146147Z caller=service.go:81 pkg=mqttProvider Subscribedtotopic=+/+/$name
level=debug module=Homie-Service time:=2021-06-02T01:56:51.146341Z caller=service.go:52 pkg=mqttProvider NetworkDiscovery=sknSensors
level=debug module=Homie-Service time:=2021-06-02T01:56:51.146353Z caller=service.go:54 pkg=mqttProvider NetworkDiscoverytopic=sknSensors/FamilyRoom/$name payload=FamilyRoom
level=debug module=Homie-Service time:=2021-06-02T01:56:51.14637Z caller=service.go:54 pkg=mqttProvider NetworkDiscoverytopic=sknSensors/GarageProvider/$name payload="Garage Provider"
level=debug module=Homie-Service time:=2021-06-02T01:56:51.14638Z caller=service.go:54 pkg=mqttProvider NetworkDiscoverytopic=sknSensors/GarageMonitor/$name payload="Garage Monitor"
level=debug module=Homie-Service time:=2021-06-02T01:56:51.146446Z caller=service.go:54 pkg=mqttProvider NetworkDiscoverytopic=sknSensors/MediaRoom/$name payload="Media Room"
level=debug module=Homie-Service time:=2021-06-02T01:56:51.146498Z caller=service.go:54 pkg=mqttProvider NetworkDiscoverytopic=sknSensors/HomeOffice/$name payload="Home Office"
level=debug module=Homie-Service time:=2021-06-02T01:56:51.146519Z caller=service.go:54 pkg=mqttProvider NetworkDiscoverytopic=sknSensors/GuestRoom/$name payload="Guest Room"
level=debug module=Homie-Service time:=2021-06-02T01:56:51.146578Z caller=service.go:54 pkg=mqttProvider NetworkDiscoverytopic=sknSensors/OutsideMonitor/$name payload="Outside Monitor"
level=debug module=Homie-Service time:=2021-06-02T01:56:51.146596Z caller=service.go:54 pkg=mqttProvider NetworkDiscoverytopic=sknSensors/MCPProvider/$name payload="Hard Wired Alarm Sensors"
level=debug module=Homie-Service time:=2021-06-02T01:56:51.146606Z caller=service.go:54 pkg=mqttProvider NetworkDiscoverytopic=sknSensors/D1R1MiniA/$name payload=Furnace
level=debug module=Homie-Service time:=2021-06-02T01:56:56.147054Z caller=service.go:202 pkg=mqttProvider event="Initialize() completed" networksdiscovered=sknSensors
level=debug module=Homie-Service time:=2021-06-02T01:56:56.147095Z caller=repository.go:45 pkg=deviceStorage event="Calling Start()"
